<?xml version="1.0" encoding="UTF-8"?>
<!-- Generated by org.testng.reporters.JUnitReportReporter -->
<testsuite hostname="28302ff6e403" name="com.docker.testCases.GoogleSearchTest" tests="2" failures="0" timestamp="26 Dec 2021 06:21:26 GMT" time="19.098" errors="0">
  <testcase name="searchPageTest" time="10.490" classname="com.docker.testCases.GoogleSearchTest"/>
  <testcase name="searchPageTest" time="8.608" classname="com.docker.testCases.GoogleSearchTest"/>
</testsuite> <!-- com.docker.testCases.GoogleSearchTest -->
