<?xml version="1.0" encoding="UTF-8"?>
<!-- Generated by org.testng.reporters.JUnitReportReporter -->
<testsuite hostname="Srinivas" name="com.docker.testCases.GoogleSearchTest" tests="2" failures="0" timestamp="9 Jan 2022 16:22:32 GMT" time="5.125" errors="0">
  <testcase name="searchPageTest" time="2.724" classname="com.docker.testCases.GoogleSearchTest"/>
  <testcase name="searchPageTest" time="2.401" classname="com.docker.testCases.GoogleSearchTest"/>
</testsuite> <!-- com.docker.testCases.GoogleSearchTest -->
