<?xml version="1.0" encoding="UTF-8"?>
<!-- Generated by org.testng.reporters.JUnitReportReporter -->
<testsuite hostname="Srinivas" name="com.docker.testCases.GoogleSearchTest" tests="2" failures="0" timestamp="22 Dec 2021 17:55:30 GMT" time="9.425" errors="0">
  <testcase name="searchPageTest" time="5.409" classname="com.docker.testCases.GoogleSearchTest"/>
  <testcase name="searchPageTest" time="4.016" classname="com.docker.testCases.GoogleSearchTest"/>
</testsuite> <!-- com.docker.testCases.GoogleSearchTest -->
